CRITICAL - 2021-01-07 00:05:32 --> Argument 1 passed to CodeIgniter\Database\BaseConnection::query() must be of the type string, array given, called in /home/arsitek/public_html/ci4api/app/Controllers/Post.php on line 36
#0 /home/arsitek/public_html/ci4api/app/Controllers/Post.php(36): CodeIgniter\Database\BaseConnection->query(Array)
#1 /home/arsitek/public_html/ci4api/system/CodeIgniter.php(914): App\Controllers\Post->index()
#2 /home/arsitek/public_html/ci4api/system/CodeIgniter.php(400): CodeIgniter\CodeIgniter->runController(Object(App\Controllers\Post))
#3 /home/arsitek/public_html/ci4api/system/CodeIgniter.php(308): CodeIgniter\CodeIgniter->handleRequest(NULL, Object(Config\Cache), false)
#4 /home/arsitek/public_html/ci4api/public/index.php(45): CodeIgniter\CodeIgniter->run()
#5 {main}
CRITICAL - 2021-01-07 00:11:59 --> Argument 1 passed to CodeIgniter\Database\BaseConnection::query() must be of the type string, array given, called in /home/arsitek/public_html/ci4api/app/Controllers/Post.php on line 36
#0 /home/arsitek/public_html/ci4api/app/Controllers/Post.php(36): CodeIgniter\Database\BaseConnection->query(Array)
#1 /home/arsitek/public_html/ci4api/system/CodeIgniter.php(914): App\Controllers\Post->index()
#2 /home/arsitek/public_html/ci4api/system/CodeIgniter.php(400): CodeIgniter\CodeIgniter->runController(Object(App\Controllers\Post))
#3 /home/arsitek/public_html/ci4api/system/CodeIgniter.php(308): CodeIgniter\CodeIgniter->handleRequest(NULL, Object(Config\Cache), false)
#4 /home/arsitek/public_html/ci4api/public/index.php(45): CodeIgniter\CodeIgniter->run()
#5 {main}
CRITICAL - 2021-01-07 00:12:42 --> Argument 1 passed to CodeIgniter\Database\BaseConnection::query() must be of the type string, array given, called in /home/arsitek/public_html/ci4api/app/Controllers/Post.php on line 36
#0 /home/arsitek/public_html/ci4api/app/Controllers/Post.php(36): CodeIgniter\Database\BaseConnection->query(Array)
#1 /home/arsitek/public_html/ci4api/system/CodeIgniter.php(914): App\Controllers\Post->index()
#2 /home/arsitek/public_html/ci4api/system/CodeIgniter.php(400): CodeIgniter\CodeIgniter->runController(Object(App\Controllers\Post))
#3 /home/arsitek/public_html/ci4api/system/CodeIgniter.php(308): CodeIgniter\CodeIgniter->handleRequest(NULL, Object(Config\Cache), false)
#4 /home/arsitek/public_html/ci4api/public/index.php(45): CodeIgniter\CodeIgniter->run()
#5 {main}
CRITICAL - 2021-01-07 00:13:14 --> Argument 1 passed to CodeIgniter\Database\BaseConnection::query() must be of the type string, array given, called in /home/arsitek/public_html/ci4api/app/Controllers/Post.php on line 36
#0 /home/arsitek/public_html/ci4api/app/Controllers/Post.php(36): CodeIgniter\Database\BaseConnection->query(Array)
#1 /home/arsitek/public_html/ci4api/system/CodeIgniter.php(914): App\Controllers\Post->index()
#2 /home/arsitek/public_html/ci4api/system/CodeIgniter.php(400): CodeIgniter\CodeIgniter->runController(Object(App\Controllers\Post))
#3 /home/arsitek/public_html/ci4api/system/CodeIgniter.php(308): CodeIgniter\CodeIgniter->handleRequest(NULL, Object(Config\Cache), false)
#4 /home/arsitek/public_html/ci4api/public/index.php(45): CodeIgniter\CodeIgniter->run()
#5 {main}
CRITICAL - 2021-01-07 00:13:15 --> Argument 1 passed to CodeIgniter\Database\BaseConnection::query() must be of the type string, array given, called in /home/arsitek/public_html/ci4api/app/Controllers/Post.php on line 36
#0 /home/arsitek/public_html/ci4api/app/Controllers/Post.php(36): CodeIgniter\Database\BaseConnection->query(Array)
#1 /home/arsitek/public_html/ci4api/system/CodeIgniter.php(914): App\Controllers\Post->index()
#2 /home/arsitek/public_html/ci4api/system/CodeIgniter.php(400): CodeIgniter\CodeIgniter->runController(Object(App\Controllers\Post))
#3 /home/arsitek/public_html/ci4api/system/CodeIgniter.php(308): CodeIgniter\CodeIgniter->handleRequest(NULL, Object(Config\Cache), false)
#4 /home/arsitek/public_html/ci4api/public/index.php(45): CodeIgniter\CodeIgniter->run()
#5 {main}
CRITICAL - 2021-01-07 00:13:31 --> Argument 1 passed to CodeIgniter\Database\BaseConnection::query() must be of the type string, array given, called in /home/arsitek/public_html/ci4api/app/Controllers/Post.php on line 36
#0 /home/arsitek/public_html/ci4api/app/Controllers/Post.php(36): CodeIgniter\Database\BaseConnection->query(Array)
#1 /home/arsitek/public_html/ci4api/system/CodeIgniter.php(914): App\Controllers\Post->index()
#2 /home/arsitek/public_html/ci4api/system/CodeIgniter.php(400): CodeIgniter\CodeIgniter->runController(Object(App\Controllers\Post))
#3 /home/arsitek/public_html/ci4api/system/CodeIgniter.php(308): CodeIgniter\CodeIgniter->handleRequest(NULL, Object(Config\Cache), false)
#4 /home/arsitek/public_html/ci4api/public/index.php(45): CodeIgniter\CodeIgniter->run()
#5 {main}
CRITICAL - 2021-01-07 00:14:29 --> Argument 1 passed to CodeIgniter\Database\BaseConnection::query() must be of the type string, array given, called in /home/arsitek/public_html/ci4api/app/Controllers/Post.php on line 36
#0 /home/arsitek/public_html/ci4api/app/Controllers/Post.php(36): CodeIgniter\Database\BaseConnection->query(Array)
#1 /home/arsitek/public_html/ci4api/system/CodeIgniter.php(914): App\Controllers\Post->index()
#2 /home/arsitek/public_html/ci4api/system/CodeIgniter.php(400): CodeIgniter\CodeIgniter->runController(Object(App\Controllers\Post))
#3 /home/arsitek/public_html/ci4api/system/CodeIgniter.php(308): CodeIgniter\CodeIgniter->handleRequest(NULL, Object(Config\Cache), false)
#4 /home/arsitek/public_html/ci4api/public/index.php(45): CodeIgniter\CodeIgniter->run()
#5 {main}
CRITICAL - 2021-01-07 10:33:00 --> Object of class stdClass could not be converted to string
#0 /home/arsitek/public_html/ci4api/app/Controllers/Post.php(27): CodeIgniter\Debug\Exceptions->errorHandler(4096, 'Object of class...', '/home/arsitek/p...', 27, Array)
#1 /home/arsitek/public_html/ci4api/system/CodeIgniter.php(914): App\Controllers\Post->index('9')
#2 /home/arsitek/public_html/ci4api/system/CodeIgniter.php(400): CodeIgniter\CodeIgniter->runController(Object(App\Controllers\Post))
#3 /home/arsitek/public_html/ci4api/system/CodeIgniter.php(308): CodeIgniter\CodeIgniter->handleRequest(NULL, Object(Config\Cache), false)
#4 /home/arsitek/public_html/ci4api/public/index.php(45): CodeIgniter\CodeIgniter->run()
#5 {main}
CRITICAL - 2021-01-07 10:33:05 --> Object of class stdClass could not be converted to string
#0 /home/arsitek/public_html/ci4api/app/Controllers/Post.php(27): CodeIgniter\Debug\Exceptions->errorHandler(4096, 'Object of class...', '/home/arsitek/p...', 27, Array)
#1 /home/arsitek/public_html/ci4api/system/CodeIgniter.php(914): App\Controllers\Post->index('8')
#2 /home/arsitek/public_html/ci4api/system/CodeIgniter.php(400): CodeIgniter\CodeIgniter->runController(Object(App\Controllers\Post))
#3 /home/arsitek/public_html/ci4api/system/CodeIgniter.php(308): CodeIgniter\CodeIgniter->handleRequest(NULL, Object(Config\Cache), false)
#4 /home/arsitek/public_html/ci4api/public/index.php(45): CodeIgniter\CodeIgniter->run()
#5 {main}
CRITICAL - 2021-01-07 10:36:53 --> Object of class stdClass could not be converted to string
#0 /home/arsitek/public_html/ci4api/app/Controllers/Post.php(27): CodeIgniter\Debug\Exceptions->errorHandler(4096, 'Object of class...', '/home/arsitek/p...', 27, Array)
#1 /home/arsitek/public_html/ci4api/system/CodeIgniter.php(914): App\Controllers\Post->index('8')
#2 /home/arsitek/public_html/ci4api/system/CodeIgniter.php(400): CodeIgniter\CodeIgniter->runController(Object(App\Controllers\Post))
#3 /home/arsitek/public_html/ci4api/system/CodeIgniter.php(308): CodeIgniter\CodeIgniter->handleRequest(NULL, Object(Config\Cache), false)
#4 /home/arsitek/public_html/ci4api/public/index.php(45): CodeIgniter\CodeIgniter->run()
#5 {main}
CRITICAL - 2021-01-07 10:36:54 --> Object of class stdClass could not be converted to string
#0 /home/arsitek/public_html/ci4api/app/Controllers/Post.php(27): CodeIgniter\Debug\Exceptions->errorHandler(4096, 'Object of class...', '/home/arsitek/p...', 27, Array)
#1 /home/arsitek/public_html/ci4api/system/CodeIgniter.php(914): App\Controllers\Post->index('8')
#2 /home/arsitek/public_html/ci4api/system/CodeIgniter.php(400): CodeIgniter\CodeIgniter->runController(Object(App\Controllers\Post))
#3 /home/arsitek/public_html/ci4api/system/CodeIgniter.php(308): CodeIgniter\CodeIgniter->handleRequest(NULL, Object(Config\Cache), false)
#4 /home/arsitek/public_html/ci4api/public/index.php(45): CodeIgniter\CodeIgniter->run()
#5 {main}
