CRITICAL - 2020-10-09 20:46:12 --> There is no data to insert.
#0 /home/arsitek/public_html/ci4api/system/Model.php(679): CodeIgniter\Database\Exceptions\DataException::forEmptyDataset('insert')
#1 /home/arsitek/public_html/ci4api/app/Controllers/Barang.php(49): CodeIgniter\Model->insert(NULL)
#2 /home/arsitek/public_html/ci4api/system/CodeIgniter.php(914): App\Controllers\Barang->create()
#3 /home/arsitek/public_html/ci4api/system/CodeIgniter.php(400): CodeIgniter\CodeIgniter->runController(Object(App\Controllers\Barang))
#4 /home/arsitek/public_html/ci4api/system/CodeIgniter.php(308): CodeIgniter\CodeIgniter->handleRequest(NULL, Object(Config\Cache), false)
#5 /home/arsitek/public_html/ci4api/public/index.php(45): CodeIgniter\CodeIgniter->run()
#6 {main}
CRITICAL - 2020-10-09 20:46:39 --> There is no data to insert.
#0 /home/arsitek/public_html/ci4api/system/Model.php(679): CodeIgniter\Database\Exceptions\DataException::forEmptyDataset('insert')
#1 /home/arsitek/public_html/ci4api/app/Controllers/Barang.php(49): CodeIgniter\Model->insert(NULL)
#2 /home/arsitek/public_html/ci4api/system/CodeIgniter.php(914): App\Controllers\Barang->create()
#3 /home/arsitek/public_html/ci4api/system/CodeIgniter.php(400): CodeIgniter\CodeIgniter->runController(Object(App\Controllers\Barang))
#4 /home/arsitek/public_html/ci4api/system/CodeIgniter.php(308): CodeIgniter\CodeIgniter->handleRequest(NULL, Object(Config\Cache), false)
#5 /home/arsitek/public_html/ci4api/public/index.php(45): CodeIgniter\CodeIgniter->run()
#6 {main}
CRITICAL - 2020-10-09 20:46:44 --> There is no data to insert.
#0 /home/arsitek/public_html/ci4api/system/Model.php(679): CodeIgniter\Database\Exceptions\DataException::forEmptyDataset('insert')
#1 /home/arsitek/public_html/ci4api/app/Controllers/Barang.php(49): CodeIgniter\Model->insert(NULL)
#2 /home/arsitek/public_html/ci4api/system/CodeIgniter.php(914): App\Controllers\Barang->create()
#3 /home/arsitek/public_html/ci4api/system/CodeIgniter.php(400): CodeIgniter\CodeIgniter->runController(Object(App\Controllers\Barang))
#4 /home/arsitek/public_html/ci4api/system/CodeIgniter.php(308): CodeIgniter\CodeIgniter->handleRequest(NULL, Object(Config\Cache), false)
#5 /home/arsitek/public_html/ci4api/public/index.php(45): CodeIgniter\CodeIgniter->run()
#6 {main}
CRITICAL - 2020-10-09 20:46:54 --> There is no data to insert.
#0 /home/arsitek/public_html/ci4api/system/Model.php(679): CodeIgniter\Database\Exceptions\DataException::forEmptyDataset('insert')
#1 /home/arsitek/public_html/ci4api/app/Controllers/Barang.php(49): CodeIgniter\Model->insert(NULL)
#2 /home/arsitek/public_html/ci4api/system/CodeIgniter.php(914): App\Controllers\Barang->create()
#3 /home/arsitek/public_html/ci4api/system/CodeIgniter.php(400): CodeIgniter\CodeIgniter->runController(Object(App\Controllers\Barang))
#4 /home/arsitek/public_html/ci4api/system/CodeIgniter.php(308): CodeIgniter\CodeIgniter->handleRequest(NULL, Object(Config\Cache), false)
#5 /home/arsitek/public_html/ci4api/public/index.php(45): CodeIgniter\CodeIgniter->run()
#6 {main}
CRITICAL - 2020-10-09 21:56:06 --> There is no data to insert.
#0 /home/arsitek/public_html/ci4api/system/Model.php(679): CodeIgniter\Database\Exceptions\DataException::forEmptyDataset('insert')
#1 /home/arsitek/public_html/ci4api/app/Controllers/Barang.php(57): CodeIgniter\Model->insert(NULL)
#2 /home/arsitek/public_html/ci4api/system/CodeIgniter.php(914): App\Controllers\Barang->create()
#3 /home/arsitek/public_html/ci4api/system/CodeIgniter.php(400): CodeIgniter\CodeIgniter->runController(Object(App\Controllers\Barang))
#4 /home/arsitek/public_html/ci4api/system/CodeIgniter.php(308): CodeIgniter\CodeIgniter->handleRequest(NULL, Object(Config\Cache), false)
#5 /home/arsitek/public_html/ci4api/public/index.php(45): CodeIgniter\CodeIgniter->run()
#6 {main}
CRITICAL - 2020-10-09 22:27:44 --> There is no data to insert.
#0 /home/arsitek/public_html/ci4api/system/Model.php(679): CodeIgniter\Database\Exceptions\DataException::forEmptyDataset('insert')
#1 /home/arsitek/public_html/ci4api/app/Controllers/Barang.php(61): CodeIgniter\Model->insert(NULL)
#2 /home/arsitek/public_html/ci4api/system/CodeIgniter.php(914): App\Controllers\Barang->create()
#3 /home/arsitek/public_html/ci4api/system/CodeIgniter.php(400): CodeIgniter\CodeIgniter->runController(Object(App\Controllers\Barang))
#4 /home/arsitek/public_html/ci4api/system/CodeIgniter.php(308): CodeIgniter\CodeIgniter->handleRequest(NULL, Object(Config\Cache), false)
#5 /home/arsitek/public_html/ci4api/public/index.php(45): CodeIgniter\CodeIgniter->run()
#6 {main}
