CRITICAL - 2021-02-08 02:23:41 --> Call to a member function where() on null
#0 /home/arsitek/public_html/ci4api/system/CodeIgniter.php(914): App\Controllers\Liked->like('pengguna23')
#1 /home/arsitek/public_html/ci4api/system/CodeIgniter.php(400): CodeIgniter\CodeIgniter->runController(Object(App\Controllers\Liked))
#2 /home/arsitek/public_html/ci4api/system/CodeIgniter.php(308): CodeIgniter\CodeIgniter->handleRequest(NULL, Object(Config\Cache), false)
#3 /home/arsitek/public_html/ci4api/public/index.php(45): CodeIgniter\CodeIgniter->run()
#4 {main}
CRITICAL - 2021-02-08 02:23:44 --> Call to a member function where() on null
#0 /home/arsitek/public_html/ci4api/system/CodeIgniter.php(914): App\Controllers\Liked->like('pengguna23')
#1 /home/arsitek/public_html/ci4api/system/CodeIgniter.php(400): CodeIgniter\CodeIgniter->runController(Object(App\Controllers\Liked))
#2 /home/arsitek/public_html/ci4api/system/CodeIgniter.php(308): CodeIgniter\CodeIgniter->handleRequest(NULL, Object(Config\Cache), false)
#3 /home/arsitek/public_html/ci4api/public/index.php(45): CodeIgniter\CodeIgniter->run()
#4 {main}
CRITICAL - 2021-02-08 02:24:07 --> Call to a member function where() on null
#0 /home/arsitek/public_html/ci4api/system/CodeIgniter.php(914): App\Controllers\Liked->like('pengguna23')
#1 /home/arsitek/public_html/ci4api/system/CodeIgniter.php(400): CodeIgniter\CodeIgniter->runController(Object(App\Controllers\Liked))
#2 /home/arsitek/public_html/ci4api/system/CodeIgniter.php(308): CodeIgniter\CodeIgniter->handleRequest(NULL, Object(Config\Cache), false)
#3 /home/arsitek/public_html/ci4api/public/index.php(45): CodeIgniter\CodeIgniter->run()
#4 {main}
CRITICAL - 2021-02-08 22:00:18 --> Class 'App\Models\ComentModel' not found
#0 /home/arsitek/public_html/ci4api/system/CodeIgniter.php(914): App\Controllers\Oke->postlike()
#1 /home/arsitek/public_html/ci4api/system/CodeIgniter.php(400): CodeIgniter\CodeIgniter->runController(Object(App\Controllers\Oke))
#2 /home/arsitek/public_html/ci4api/system/CodeIgniter.php(308): CodeIgniter\CodeIgniter->handleRequest(NULL, Object(Config\Cache), false)
#3 /home/arsitek/public_html/ci4api/public/index.php(45): CodeIgniter\CodeIgniter->run()
#4 {main}
CRITICAL - 2021-02-08 22:01:37 --> Class 'App\Models\ComentModel' not found
#0 /home/arsitek/public_html/ci4api/system/CodeIgniter.php(914): App\Controllers\Oke->postlike()
#1 /home/arsitek/public_html/ci4api/system/CodeIgniter.php(400): CodeIgniter\CodeIgniter->runController(Object(App\Controllers\Oke))
#2 /home/arsitek/public_html/ci4api/system/CodeIgniter.php(308): CodeIgniter\CodeIgniter->handleRequest(NULL, Object(Config\Cache), false)
#3 /home/arsitek/public_html/ci4api/public/index.php(45): CodeIgniter\CodeIgniter->run()
#4 {main}
CRITICAL - 2021-02-08 22:01:58 --> Class 'App\Models\ComentModel' not found
#0 /home/arsitek/public_html/ci4api/system/CodeIgniter.php(914): App\Controllers\Oke->postlike()
#1 /home/arsitek/public_html/ci4api/system/CodeIgniter.php(400): CodeIgniter\CodeIgniter->runController(Object(App\Controllers\Oke))
#2 /home/arsitek/public_html/ci4api/system/CodeIgniter.php(308): CodeIgniter\CodeIgniter->handleRequest(NULL, Object(Config\Cache), false)
#3 /home/arsitek/public_html/ci4api/public/index.php(45): CodeIgniter\CodeIgniter->run()
#4 {main}
CRITICAL - 2021-02-08 22:02:50 --> Class 'App\Models\ComentModel' not found
#0 /home/arsitek/public_html/ci4api/system/CodeIgniter.php(914): App\Controllers\Oke->postlike()
#1 /home/arsitek/public_html/ci4api/system/CodeIgniter.php(400): CodeIgniter\CodeIgniter->runController(Object(App\Controllers\Oke))
#2 /home/arsitek/public_html/ci4api/system/CodeIgniter.php(308): CodeIgniter\CodeIgniter->handleRequest(NULL, Object(Config\Cache), false)
#3 /home/arsitek/public_html/ci4api/public/index.php(45): CodeIgniter\CodeIgniter->run()
#4 {main}
CRITICAL - 2021-02-08 22:02:58 --> Class 'App\Models\ComentModel' not found
#0 /home/arsitek/public_html/ci4api/system/CodeIgniter.php(914): App\Controllers\Oke->postlike()
#1 /home/arsitek/public_html/ci4api/system/CodeIgniter.php(400): CodeIgniter\CodeIgniter->runController(Object(App\Controllers\Oke))
#2 /home/arsitek/public_html/ci4api/system/CodeIgniter.php(308): CodeIgniter\CodeIgniter->handleRequest(NULL, Object(Config\Cache), false)
#3 /home/arsitek/public_html/ci4api/public/index.php(45): CodeIgniter\CodeIgniter->run()
#4 {main}
CRITICAL - 2021-02-08 22:03:00 --> Class 'App\Models\ComentModel' not found
#0 /home/arsitek/public_html/ci4api/system/CodeIgniter.php(914): App\Controllers\Oke->postlike()
#1 /home/arsitek/public_html/ci4api/system/CodeIgniter.php(400): CodeIgniter\CodeIgniter->runController(Object(App\Controllers\Oke))
#2 /home/arsitek/public_html/ci4api/system/CodeIgniter.php(308): CodeIgniter\CodeIgniter->handleRequest(NULL, Object(Config\Cache), false)
#3 /home/arsitek/public_html/ci4api/public/index.php(45): CodeIgniter\CodeIgniter->run()
#4 {main}
CRITICAL - 2021-02-08 22:05:30 --> Class 'App\Models\ComentModel' not found
#0 /home/arsitek/public_html/ci4api/system/CodeIgniter.php(914): App\Controllers\Oke->postlike()
#1 /home/arsitek/public_html/ci4api/system/CodeIgniter.php(400): CodeIgniter\CodeIgniter->runController(Object(App\Controllers\Oke))
#2 /home/arsitek/public_html/ci4api/system/CodeIgniter.php(308): CodeIgniter\CodeIgniter->handleRequest(NULL, Object(Config\Cache), false)
#3 /home/arsitek/public_html/ci4api/public/index.php(45): CodeIgniter\CodeIgniter->run()
#4 {main}
CRITICAL - 2021-02-08 22:06:42 --> Class 'App\Models\ComentModel' not found
#0 /home/arsitek/public_html/ci4api/system/CodeIgniter.php(914): App\Controllers\Oke->postlike()
#1 /home/arsitek/public_html/ci4api/system/CodeIgniter.php(400): CodeIgniter\CodeIgniter->runController(Object(App\Controllers\Oke))
#2 /home/arsitek/public_html/ci4api/system/CodeIgniter.php(308): CodeIgniter\CodeIgniter->handleRequest(NULL, Object(Config\Cache), false)
#3 /home/arsitek/public_html/ci4api/public/index.php(45): CodeIgniter\CodeIgniter->run()
#4 {main}
