CRITICAL - 2022-03-01 01:03:36 --> Access denied for user '****'@'localhost' (using password: YES)
#0 C:\xampp\htdocs\ci4api\system\Database\BaseConnection.php(377): CodeIgniter\Database\MySQLi\Connection->connect(false)
#1 C:\xampp\htdocs\ci4api\system\Database\BaseConnection.php(643): CodeIgniter\Database\BaseConnection->initialize()
#2 C:\xampp\htdocs\ci4api\system\Database\BaseBuilder.php(1845): CodeIgniter\Database\BaseConnection->query('SELECT *\nFROM `...', Array, false)
#3 C:\xampp\htdocs\ci4api\system\Model.php(445): CodeIgniter\Database\BaseBuilder->get()
#4 C:\xampp\htdocs\ci4api\app\Controllers\Barang.php(17): CodeIgniter\Model->findAll()
#5 C:\xampp\htdocs\ci4api\system\CodeIgniter.php(914): App\Controllers\Barang->index()
#6 C:\xampp\htdocs\ci4api\system\CodeIgniter.php(400): CodeIgniter\CodeIgniter->runController(Object(App\Controllers\Barang))
#7 C:\xampp\htdocs\ci4api\system\CodeIgniter.php(308): CodeIgniter\CodeIgniter->handleRequest(NULL, Object(Config\Cache), false)
#8 C:\xampp\htdocs\ci4api\public\index.php(45): CodeIgniter\CodeIgniter->run()
#9 {main}
CRITICAL - 2022-03-01 01:33:05 --> Class 'App\Controllers\ProductModel' not found
#0 C:\xampp\htdocs\loyalty\system\CodeIgniter.php(914): App\Controllers\Auth->show('index')
#1 C:\xampp\htdocs\loyalty\system\CodeIgniter.php(400): CodeIgniter\CodeIgniter->runController(Object(App\Controllers\Auth))
#2 C:\xampp\htdocs\loyalty\system\CodeIgniter.php(308): CodeIgniter\CodeIgniter->handleRequest(NULL, Object(Config\Cache), false)
#3 C:\xampp\htdocs\loyalty\public\index.php(45): CodeIgniter\CodeIgniter->run()
#4 {main}
CRITICAL - 2022-03-01 03:05:06 --> syntax error, unexpected '=>' (T_DOUBLE_ARROW), expecting ')'
#0 C:\xampp\htdocs\loyalty\system\Router\Router.php(192): CodeIgniter\Router\Router->autoRoute('auth/auth')
#1 C:\xampp\htdocs\loyalty\system\CodeIgniter.php(789): CodeIgniter\Router\Router->handle('auth/auth')
#2 C:\xampp\htdocs\loyalty\system\CodeIgniter.php(360): CodeIgniter\CodeIgniter->tryToRouteIt(Object(CodeIgniter\Router\RouteCollection))
#3 C:\xampp\htdocs\loyalty\system\CodeIgniter.php(308): CodeIgniter\CodeIgniter->handleRequest(NULL, Object(Config\Cache), false)
#4 C:\xampp\htdocs\loyalty\public\index.php(45): CodeIgniter\CodeIgniter->run()
#5 {main}
CRITICAL - 2022-03-01 03:05:10 --> syntax error, unexpected '=>' (T_DOUBLE_ARROW), expecting ')'
#0 C:\xampp\htdocs\loyalty\system\Router\Router.php(192): CodeIgniter\Router\Router->autoRoute('auth/auth')
#1 C:\xampp\htdocs\loyalty\system\CodeIgniter.php(789): CodeIgniter\Router\Router->handle('auth/auth')
#2 C:\xampp\htdocs\loyalty\system\CodeIgniter.php(360): CodeIgniter\CodeIgniter->tryToRouteIt(Object(CodeIgniter\Router\RouteCollection))
#3 C:\xampp\htdocs\loyalty\system\CodeIgniter.php(308): CodeIgniter\CodeIgniter->handleRequest(NULL, Object(Config\Cache), false)
#4 C:\xampp\htdocs\loyalty\public\index.php(45): CodeIgniter\CodeIgniter->run()
#5 {main}
CRITICAL - 2022-03-01 03:49:58 --> Class 'App\Controllers\ProductModel' not found
#0 C:\xampp\htdocs\loyalty\system\CodeIgniter.php(914): App\Controllers\Auth->update('1')
#1 C:\xampp\htdocs\loyalty\system\CodeIgniter.php(400): CodeIgniter\CodeIgniter->runController(Object(App\Controllers\Auth))
#2 C:\xampp\htdocs\loyalty\system\CodeIgniter.php(308): CodeIgniter\CodeIgniter->handleRequest(NULL, Object(Config\Cache), false)
#3 C:\xampp\htdocs\loyalty\public\index.php(45): CodeIgniter\CodeIgniter->run()
#4 {main}
