CRITICAL - 2022-04-18 22:29:15 --> Unknown database 'db_loyalty'
#0 C:\xampp\htdocs\loyalty\loyalty\system\Database\BaseConnection.php(377): CodeIgniter\Database\MySQLi\Connection->connect(false)
#1 C:\xampp\htdocs\loyalty\loyalty\system\Database\BaseConnection.php(643): CodeIgniter\Database\BaseConnection->initialize()
#2 C:\xampp\htdocs\loyalty\loyalty\system\Database\BaseBuilder.php(1845): CodeIgniter\Database\BaseConnection->query('SELECT *\nFROM `...', Array, false)
#3 C:\xampp\htdocs\loyalty\loyalty\system\Model.php(445): CodeIgniter\Database\BaseBuilder->get()
#4 C:\xampp\htdocs\loyalty\loyalty\app\Controllers\Auth.php(17): CodeIgniter\Model->findAll()
#5 C:\xampp\htdocs\loyalty\loyalty\system\CodeIgniter.php(914): App\Controllers\Auth->index()
#6 C:\xampp\htdocs\loyalty\loyalty\system\CodeIgniter.php(400): CodeIgniter\CodeIgniter->runController(Object(App\Controllers\Auth))
#7 C:\xampp\htdocs\loyalty\loyalty\system\CodeIgniter.php(308): CodeIgniter\CodeIgniter->handleRequest(NULL, Object(Config\Cache), false)
#8 C:\xampp\htdocs\loyalty\loyalty\public\index.php(45): CodeIgniter\CodeIgniter->run()
#9 {main}
CRITICAL - 2022-04-18 22:30:20 --> Unknown database 'db_loyalty'
#0 C:\xampp\htdocs\loyalty\loyalty\system\Database\BaseConnection.php(377): CodeIgniter\Database\MySQLi\Connection->connect(false)
#1 C:\xampp\htdocs\loyalty\loyalty\system\Database\BaseConnection.php(643): CodeIgniter\Database\BaseConnection->initialize()
#2 C:\xampp\htdocs\loyalty\loyalty\system\Database\BaseBuilder.php(1845): CodeIgniter\Database\BaseConnection->query('SELECT *\nFROM `...', Array, false)
#3 C:\xampp\htdocs\loyalty\loyalty\system\Model.php(445): CodeIgniter\Database\BaseBuilder->get()
#4 C:\xampp\htdocs\loyalty\loyalty\app\Controllers\Auth.php(17): CodeIgniter\Model->findAll()
#5 C:\xampp\htdocs\loyalty\loyalty\system\CodeIgniter.php(914): App\Controllers\Auth->index()
#6 C:\xampp\htdocs\loyalty\loyalty\system\CodeIgniter.php(400): CodeIgniter\CodeIgniter->runController(Object(App\Controllers\Auth))
#7 C:\xampp\htdocs\loyalty\loyalty\system\CodeIgniter.php(308): CodeIgniter\CodeIgniter->handleRequest(NULL, Object(Config\Cache), false)
#8 C:\xampp\htdocs\loyalty\loyalty\public\index.php(45): CodeIgniter\CodeIgniter->run()
#9 {main}
